{"C:\\Users\\Rodrigo\\Downloads\\Tradutor-Libras\\client\\src\\components\\LibrasTranslator.tsx": {"path":"C:\\Users\\Rodrigo\\Downloads\\Tradutor-Libras\\client\\src\\components\\LibrasTranslator.tsx","statementMap":{"0":{"start":{"line":6,"column":21},"end":{"line":6,"column":null}},"1":{"start":{"line":7,"column":23},"end":{"line":7,"column":null}},"2":{"start":{"line":14,"column":18},"end":{"line":14,"column":null}},"3":{"start":{"line":17,"column":8},"end":{"line":17,"column":null}},"4":{"start":{"line":18,"column":8},"end":{"line":18,"column":null}},"5":{"start":{"line":20,"column":24},"end":{"line":20,"column":null}},"6":{"start":{"line":21,"column":25},"end":{"line":21,"column":null}},"7":{"start":{"line":22,"column":21},"end":{"line":22,"column":null}},"8":{"start":{"line":23,"column":21},"end":{"line":23,"column":null}},"9":{"start":{"line":24,"column":19},"end":{"line":24,"column":null}},"10":{"start":{"line":27,"column":8},"end":{"line":27,"column":null}},"11":{"start":{"line":28,"column":8},"end":{"line":28,"column":null}},"12":{"start":{"line":29,"column":8},"end":{"line":29,"column":null}},"13":{"start":{"line":30,"column":8},"end":{"line":30,"column":null}},"14":{"start":{"line":33,"column":47},"end":{"line":36,"column":null}},"15":{"start":{"line":38,"column":2},"end":{"line":54,"column":null}},"16":{"start":{"line":40,"column":22},"end":{"line":52,"column":null}},"17":{"start":{"line":41,"column":6},"end":{"line":51,"column":null}},"18":{"start":{"line":43,"column":8},"end":{"line":43,"column":null}},"19":{"start":{"line":44,"column":22},"end":{"line":44,"column":null}},"20":{"start":{"line":45,"column":8},"end":{"line":45,"column":null}},"21":{"start":{"line":46,"column":8},"end":{"line":46,"column":null}},"22":{"start":{"line":48,"column":8},"end":{"line":48,"column":null}},"23":{"start":{"line":49,"column":8},"end":{"line":49,"column":null}},"24":{"start":{"line":50,"column":8},"end":{"line":50,"column":null}},"25":{"start":{"line":53,"column":4},"end":{"line":53,"column":null}},"26":{"start":{"line":56,"column":8},"end":{"line":79,"column":null}},"27":{"start":{"line":58,"column":22},"end":{"line":58,"column":null}},"28":{"start":{"line":59,"column":4},"end":{"line":62,"column":null}},"29":{"start":{"line":60,"column":6},"end":{"line":60,"column":null}},"30":{"start":{"line":65,"column":10},"end":{"line":65,"column":null}},"31":{"start":{"line":68,"column":4},"end":{"line":68,"column":null}},"32":{"start":{"line":71,"column":4},"end":{"line":73,"column":null}},"33":{"start":{"line":72,"column":6},"end":{"line":72,"column":null}},"34":{"start":{"line":76,"column":4},"end":{"line":78,"column":null}},"35":{"start":{"line":77,"column":6},"end":{"line":77,"column":null}},"36":{"start":{"line":81,"column":8},"end":{"line":110,"column":null}},"37":{"start":{"line":82,"column":4},"end":{"line":82,"column":null}},"38":{"start":{"line":82,"column":30},"end":{"line":82,"column":null}},"39":{"start":{"line":84,"column":4},"end":{"line":109,"column":null}},"40":{"start":{"line":85,"column":6},"end":{"line":106,"column":null}},"41":{"start":{"line":87,"column":28},"end":{"line":87,"column":null}},"42":{"start":{"line":90,"column":29},"end":{"line":90,"column":null}},"43":{"start":{"line":91,"column":33},"end":{"line":91,"column":null}},"44":{"start":{"line":94,"column":30},"end":{"line":94,"column":null}},"45":{"start":{"line":95,"column":34},"end":{"line":95,"column":null}},"46":{"start":{"line":96,"column":30},"end":{"line":96,"column":null}},"47":{"start":{"line":99,"column":8},"end":{"line":105,"column":null}},"48":{"start":{"line":100,"column":10},"end":{"line":100,"column":null}},"49":{"start":{"line":101,"column":10},"end":{"line":101,"column":null}},"50":{"start":{"line":104,"column":10},"end":{"line":104,"column":null}},"51":{"start":{"line":108,"column":6},"end":{"line":108,"column":null}},"52":{"start":{"line":112,"column":8},"end":{"line":129,"column":null}},"53":{"start":{"line":114,"column":4},"end":{"line":114,"column":null}},"54":{"start":{"line":114,"column":37},"end":{"line":114,"column":null}},"55":{"start":{"line":116,"column":4},"end":{"line":128,"column":null}},"56":{"start":{"line":117,"column":24},"end":{"line":117,"column":null}},"57":{"start":{"line":118,"column":6},"end":{"line":118,"column":null}},"58":{"start":{"line":119,"column":6},"end":{"line":119,"column":null}},"59":{"start":{"line":120,"column":6},"end":{"line":120,"column":null}},"60":{"start":{"line":122,"column":6},"end":{"line":122,"column":null}},"61":{"start":{"line":124,"column":6},"end":{"line":124,"column":null}},"62":{"start":{"line":124,"column":32},"end":{"line":124,"column":null}},"63":{"start":{"line":125,"column":6},"end":{"line":127,"column":null}},"64":{"start":{"line":126,"column":8},"end":{"line":126,"column":null}},"65":{"start":{"line":131,"column":8},"end":{"line":174,"column":null}},"66":{"start":{"line":132,"column":4},"end":{"line":136,"column":null}},"67":{"start":{"line":133,"column":6},"end":{"line":133,"column":null}},"68":{"start":{"line":134,"column":6},"end":{"line":134,"column":null}},"69":{"start":{"line":135,"column":6},"end":{"line":135,"column":null}},"70":{"start":{"line":138,"column":4},"end":{"line":138,"column":null}},"71":{"start":{"line":138,"column":27},"end":{"line":138,"column":null}},"72":{"start":{"line":140,"column":4},"end":{"line":173,"column":null}},"73":{"start":{"line":141,"column":23},"end":{"line":143,"column":null}},"74":{"start":{"line":142,"column":38},"end":{"line":142,"column":null}},"75":{"start":{"line":145,"column":6},"end":{"line":153,"column":null}},"76":{"start":{"line":155,"column":6},"end":{"line":155,"column":null}},"77":{"start":{"line":157,"column":21},"end":{"line":165,"column":null}},"78":{"start":{"line":159,"column":10},"end":{"line":161,"column":null}},"79":{"start":{"line":160,"column":12},"end":{"line":160,"column":null}},"80":{"start":{"line":167,"column":6},"end":{"line":167,"column":null}},"81":{"start":{"line":168,"column":6},"end":{"line":168,"column":null}},"82":{"start":{"line":169,"column":6},"end":{"line":169,"column":null}},"83":{"start":{"line":171,"column":6},"end":{"line":171,"column":null}},"84":{"start":{"line":172,"column":6},"end":{"line":172,"column":null}},"85":{"start":{"line":176,"column":2},"end":{"line":245,"column":null}}},"fnMap":{"0":{"name":"LibrasTranslator","decl":{"start":{"line":16,"column":24},"end":{"line":16,"column":43}},"loc":{"start":{"line":16,"column":43},"end":{"line":247,"column":null}},"line":16},"1":{"name":"(anonymous_1)","decl":{"start":{"line":38,"column":2},"end":{"line":38,"column":18}},"loc":{"start":{"line":38,"column":18},"end":{"line":54,"column":5}},"line":38},"2":{"name":"(anonymous_2)","decl":{"start":{"line":40,"column":22},"end":{"line":40,"column":34}},"loc":{"start":{"line":40,"column":34},"end":{"line":52,"column":null}},"line":40},"3":{"name":"(anonymous_3)","decl":{"start":{"line":56,"column":8},"end":{"line":56,"column":21}},"loc":{"start":{"line":56,"column":42},"end":{"line":79,"column":null}},"line":56},"4":{"name":"(anonymous_4)","decl":{"start":{"line":81,"column":8},"end":{"line":81,"column":24}},"loc":{"start":{"line":81,"column":49},"end":{"line":110,"column":null}},"line":81},"5":{"name":"(anonymous_5)","decl":{"start":{"line":85,"column":9},"end":{"line":85,"column":20}},"loc":{"start":{"line":85,"column":20},"end":{"line":106,"column":7}},"line":85},"6":{"name":"(anonymous_6)","decl":{"start":{"line":112,"column":8},"end":{"line":112,"column":24}},"loc":{"start":{"line":112,"column":41},"end":{"line":129,"column":null}},"line":112},"7":{"name":"(anonymous_7)","decl":{"start":{"line":125,"column":36},"end":{"line":125,"column":53}},"loc":{"start":{"line":125,"column":53},"end":{"line":127,"column":9}},"line":125},"8":{"name":"(anonymous_8)","decl":{"start":{"line":131,"column":8},"end":{"line":131,"column":29}},"loc":{"start":{"line":131,"column":29},"end":{"line":174,"column":null}},"line":131},"9":{"name":"(anonymous_9)","decl":{"start":{"line":142,"column":8},"end":{"line":142,"column":21}},"loc":{"start":{"line":142,"column":38},"end":{"line":142,"column":null}},"line":142},"10":{"name":"(anonymous_10)","decl":{"start":{"line":158,"column":17},"end":{"line":158,"column":29}},"loc":{"start":{"line":158,"column":29},"end":{"line":162,"column":null}},"line":158}},"branchMap":{"0":{"loc":{"start":{"line":59,"column":4},"end":{"line":62,"column":null}},"type":"if","locations":[{"start":{"line":59,"column":4},"end":{"line":62,"column":null}},{"start":{},"end":{}}],"line":59},"1":{"loc":{"start":{"line":59,"column":8},"end":{"line":59,"column":60}},"type":"binary-expr","locations":[{"start":{"line":59,"column":8},"end":{"line":59,"column":21}},{"start":{"line":59,"column":21},"end":{"line":59,"column":42}},{"start":{"line":59,"column":42},"end":{"line":59,"column":60}}],"line":59},"2":{"loc":{"start":{"line":71,"column":4},"end":{"line":73,"column":null}},"type":"if","locations":[{"start":{"line":71,"column":4},"end":{"line":73,"column":null}},{"start":{},"end":{}}],"line":71},"3":{"loc":{"start":{"line":76,"column":4},"end":{"line":78,"column":null}},"type":"if","locations":[{"start":{"line":76,"column":4},"end":{"line":78,"column":null}},{"start":{},"end":{}}],"line":76},"4":{"loc":{"start":{"line":76,"column":8},"end":{"line":76,"column":86}},"type":"binary-expr","locations":[{"start":{"line":76,"column":8},"end":{"line":76,"column":65}},{"start":{"line":76,"column":65},"end":{"line":76,"column":86}}],"line":76},"5":{"loc":{"start":{"line":82,"column":4},"end":{"line":82,"column":null}},"type":"if","locations":[{"start":{"line":82,"column":4},"end":{"line":82,"column":null}},{"start":{},"end":{}}],"line":82},"6":{"loc":{"start":{"line":96,"column":30},"end":{"line":96,"column":null}},"type":"binary-expr","locations":[{"start":{"line":96,"column":30},"end":{"line":96,"column":65}},{"start":{"line":96,"column":65},"end":{"line":96,"column":null}}],"line":96},"7":{"loc":{"start":{"line":99,"column":8},"end":{"line":105,"column":null}},"type":"if","locations":[{"start":{"line":99,"column":8},"end":{"line":105,"column":null}},{"start":{},"end":{}}],"line":99},"8":{"loc":{"start":{"line":114,"column":4},"end":{"line":114,"column":null}},"type":"if","locations":[{"start":{"line":114,"column":4},"end":{"line":114,"column":null}},{"start":{},"end":{}}],"line":114},"9":{"loc":{"start":{"line":116,"column":4},"end":{"line":128,"column":null}},"type":"if","locations":[{"start":{"line":116,"column":4},"end":{"line":128,"column":null}},{"start":{},"end":{}}],"line":116},"10":{"loc":{"start":{"line":124,"column":6},"end":{"line":124,"column":null}},"type":"if","locations":[{"start":{"line":124,"column":6},"end":{"line":124,"column":null}},{"start":{},"end":{}}],"line":124},"11":{"loc":{"start":{"line":132,"column":4},"end":{"line":136,"column":null}},"type":"if","locations":[{"start":{"line":132,"column":4},"end":{"line":136,"column":null}},{"start":{},"end":{}}],"line":132},"12":{"loc":{"start":{"line":138,"column":4},"end":{"line":138,"column":null}},"type":"if","locations":[{"start":{"line":138,"column":4},"end":{"line":138,"column":null}},{"start":{},"end":{}}],"line":138},"13":{"loc":{"start":{"line":159,"column":10},"end":{"line":161,"column":null}},"type":"if","locations":[{"start":{"line":159,"column":10},"end":{"line":161,"column":null}},{"start":{},"end":{}}],"line":159},"14":{"loc":{"start":{"line":179,"column":9},"end":{"line":183,"column":null}},"type":"binary-expr","locations":[{"start":{"line":179,"column":9},"end":{"line":179,"column":null}},{"start":{"line":180,"column":10},"end":{"line":183,"column":null}}],"line":179},"15":{"loc":{"start":{"line":199,"column":9},"end":{"line":202,"column":null}},"type":"binary-expr","locations":[{"start":{"line":199,"column":9},"end":{"line":199,"column":null}},{"start":{"line":200,"column":10},"end":{"line":202,"column":null}}],"line":199},"16":{"loc":{"start":{"line":212,"column":39},"end":{"line":212,"column":null}},"type":"cond-expr","locations":[{"start":{"line":212,"column":52},"end":{"line":212,"column":63}},{"start":{"line":212,"column":63},"end":{"line":212,"column":null}}],"line":212},"17":{"loc":{"start":{"line":214,"column":13},"end":{"line":214,"column":null}},"type":"binary-expr","locations":[{"start":{"line":214,"column":13},"end":{"line":214,"column":27}},{"start":{"line":214,"column":27},"end":{"line":214,"column":null}}],"line":214},"18":{"loc":{"start":{"line":233,"column":38},"end":{"line":233,"column":90}},"type":"cond-expr","locations":[{"start":{"line":233,"column":55},"end":{"line":233,"column":67}},{"start":{"line":233,"column":67},"end":{"line":233,"column":90}}],"line":233},"19":{"loc":{"start":{"line":235,"column":13},"end":{"line":236,"column":30}},"type":"cond-expr","locations":[{"start":{"line":235,"column":30},"end":{"line":235,"column":56}},{"start":{"line":235,"column":55},"end":{"line":236,"column":30}}],"line":235},"20":{"loc":{"start":{"line":236,"column":13},"end":{"line":236,"column":null}},"type":"cond-expr","locations":[{"start":{"line":236,"column":30},"end":{"line":236,"column":50}},{"start":{"line":236,"column":50},"end":{"line":236,"column":null}}],"line":236}},"s":{"0":1,"1":1,"2":1,"3":6,"4":6,"5":6,"6":6,"7":6,"8":6,"9":6,"10":6,"11":6,"12":6,"13":6,"14":6,"15":6,"16":3,"17":3,"18":3,"19":3,"20":2,"21":2,"22":0,"23":0,"24":0,"25":3,"26":6,"27":0,"28":0,"29":0,"30":0,"31":0,"32":0,"33":0,"34":0,"35":0,"36":6,"37":0,"38":0,"39":0,"40":0,"41":0,"42":0,"43":0,"44":0,"45":0,"46":0,"47":0,"48":0,"49":0,"50":0,"51":0,"52":6,"53":0,"54":0,"55":0,"56":0,"57":0,"58":0,"59":0,"60":0,"61":0,"62":0,"63":0,"64":0,"65":6,"66":1,"67":0,"68":0,"69":0,"70":1,"71":0,"72":1,"73":1,"74":0,"75":1,"76":1,"77":1,"78":0,"79":0,"80":1,"81":1,"82":1,"83":0,"84":0,"85":6},"f":{"0":6,"1":3,"2":3,"3":0,"4":0,"5":0,"6":0,"7":0,"8":1,"9":0,"10":0},"b":{"0":[0,0],"1":[0,0,0],"2":[0,0],"3":[0,0],"4":[0,0],"5":[0,0],"6":[0,0],"7":[0,0],"8":[0,0],"9":[0,0],"10":[0,0],"11":[0,1],"12":[0,1],"13":[0,0],"14":[6,3],"15":[6,0],"16":[0,6],"17":[6,6],"18":[1,5],"19":[1,5],"20":[1,5]},"meta":{"lastBranch":21,"lastFunction":11,"lastStatement":86,"seen":{"s:6:21:6:Infinity":0,"s:7:23:7:Infinity":1,"s:14:18:14:Infinity":2,"f:16:24:16:43":0,"s:17:8:17:Infinity":3,"s:18:8:18:Infinity":4,"s:20:24:20:Infinity":5,"s:21:25:21:Infinity":6,"s:22:21:22:Infinity":7,"s:23:21:23:Infinity":8,"s:24:19:24:Infinity":9,"s:27:8:27:Infinity":10,"s:28:8:28:Infinity":11,"s:29:8:29:Infinity":12,"s:30:8:30:Infinity":13,"s:33:47:36:Infinity":14,"s:38:2:54:Infinity":15,"f:38:2:38:18":1,"s:40:22:52:Infinity":16,"f:40:22:40:34":2,"s:41:6:51:Infinity":17,"s:43:8:43:Infinity":18,"s:44:22:44:Infinity":19,"s:45:8:45:Infinity":20,"s:46:8:46:Infinity":21,"s:48:8:48:Infinity":22,"s:49:8:49:Infinity":23,"s:50:8:50:Infinity":24,"s:53:4:53:Infinity":25,"s:56:8:79:Infinity":26,"f:56:8:56:21":3,"s:58:22:58:Infinity":27,"b:59:4:62:Infinity:undefined:undefined:undefined:undefined":0,"s:59:4:62:Infinity":28,"b:59:8:59:21:59:21:59:42:59:42:59:60":1,"s:60:6:60:Infinity":29,"s:65:10:65:Infinity":30,"s:68:4:68:Infinity":31,"b:71:4:73:Infinity:undefined:undefined:undefined:undefined":2,"s:71:4:73:Infinity":32,"s:72:6:72:Infinity":33,"b:76:4:78:Infinity:undefined:undefined:undefined:undefined":3,"s:76:4:78:Infinity":34,"b:76:8:76:65:76:65:76:86":4,"s:77:6:77:Infinity":35,"s:81:8:110:Infinity":36,"f:81:8:81:24":4,"b:82:4:82:Infinity:undefined:undefined:undefined:undefined":5,"s:82:4:82:Infinity":37,"s:82:30:82:Infinity":38,"s:84:4:109:Infinity":39,"s:85:6:106:Infinity":40,"f:85:9:85:20":5,"s:87:28:87:Infinity":41,"s:90:29:90:Infinity":42,"s:91:33:91:Infinity":43,"s:94:30:94:Infinity":44,"s:95:34:95:Infinity":45,"s:96:30:96:Infinity":46,"b:96:30:96:65:96:65:96:Infinity":6,"b:99:8:105:Infinity:undefined:undefined:undefined:undefined":7,"s:99:8:105:Infinity":47,"s:100:10:100:Infinity":48,"s:101:10:101:Infinity":49,"s:104:10:104:Infinity":50,"s:108:6:108:Infinity":51,"s:112:8:129:Infinity":52,"f:112:8:112:24":6,"b:114:4:114:Infinity:undefined:undefined:undefined:undefined":8,"s:114:4:114:Infinity":53,"s:114:37:114:Infinity":54,"b:116:4:128:Infinity:undefined:undefined:undefined:undefined":9,"s:116:4:128:Infinity":55,"s:117:24:117:Infinity":56,"s:118:6:118:Infinity":57,"s:119:6:119:Infinity":58,"s:120:6:120:Infinity":59,"s:122:6:122:Infinity":60,"b:124:6:124:Infinity:undefined:undefined:undefined:undefined":10,"s:124:6:124:Infinity":61,"s:124:32:124:Infinity":62,"s:125:6:127:Infinity":63,"f:125:36:125:53":7,"s:126:8:126:Infinity":64,"s:131:8:174:Infinity":65,"f:131:8:131:29":8,"b:132:4:136:Infinity:undefined:undefined:undefined:undefined":11,"s:132:4:136:Infinity":66,"s:133:6:133:Infinity":67,"s:134:6:134:Infinity":68,"s:135:6:135:Infinity":69,"b:138:4:138:Infinity:undefined:undefined:undefined:undefined":12,"s:138:4:138:Infinity":70,"s:138:27:138:Infinity":71,"s:140:4:173:Infinity":72,"s:141:23:143:Infinity":73,"f:142:8:142:21":9,"s:142:38:142:Infinity":74,"s:145:6:153:Infinity":75,"s:155:6:155:Infinity":76,"s:157:21:165:Infinity":77,"f:158:17:158:29":10,"b:159:10:161:Infinity:undefined:undefined:undefined:undefined":13,"s:159:10:161:Infinity":78,"s:160:12:160:Infinity":79,"s:167:6:167:Infinity":80,"s:168:6:168:Infinity":81,"s:169:6:169:Infinity":82,"s:171:6:171:Infinity":83,"s:172:6:172:Infinity":84,"s:176:2:245:Infinity":85,"b:179:9:179:Infinity:180:10:183:Infinity":14,"b:199:9:199:Infinity:200:10:202:Infinity":15,"b:212:52:212:63:212:63:212:Infinity":16,"b:214:13:214:27:214:27:214:Infinity":17,"b:233:55:233:67:233:67:233:90":18,"b:235:30:235:56:235:55:236:30":19,"b:236:30:236:50:236:50:236:Infinity":20},"fnNames":{}}}
,"C:\\Users\\Rodrigo\\Downloads\\Tradutor-Libras\\client\\src\\lib\\libras.ts": {"path":"C:\\Users\\Rodrigo\\Downloads\\Tradutor-Libras\\client\\src\\lib\\libras.ts","statementMap":{"0":{"start":{"line":3,"column":35},"end":{"line":3,"column":null}},"1":{"start":{"line":4,"column":34},"end":{"line":4,"column":null}},"2":{"start":{"line":11,"column":17},"end":{"line":11,"column":null}},"3":{"start":{"line":12,"column":29},"end":{"line":12,"column":null}},"4":{"start":{"line":15,"column":22},"end":{"line":15,"column":null}},"5":{"start":{"line":16,"column":2},"end":{"line":27,"column":null}},"6":{"start":{"line":17,"column":4},"end":{"line":24,"column":null}},"7":{"start":{"line":18,"column":17},"end":{"line":18,"column":null}},"8":{"start":{"line":19,"column":6},"end":{"line":23,"column":null}},"9":{"start":{"line":20,"column":8},"end":{"line":20,"column":null}},"10":{"start":{"line":22,"column":8},"end":{"line":22,"column":null}},"11":{"start":{"line":26,"column":4},"end":{"line":26,"column":null}},"12":{"start":{"line":26,"column":17},"end":{"line":26,"column":20}},"13":{"start":{"line":26,"column":37},"end":{"line":26,"column":null}},"14":{"start":{"line":30,"column":2},"end":{"line":36,"column":null}},"15":{"start":{"line":31,"column":4},"end":{"line":33,"column":null}},"16":{"start":{"line":32,"column":6},"end":{"line":32,"column":null}},"17":{"start":{"line":35,"column":4},"end":{"line":35,"column":null}},"18":{"start":{"line":35,"column":17},"end":{"line":35,"column":20}},"19":{"start":{"line":35,"column":37},"end":{"line":35,"column":null}},"20":{"start":{"line":39,"column":2},"end":{"line":45,"column":null}},"21":{"start":{"line":40,"column":4},"end":{"line":42,"column":null}},"22":{"start":{"line":41,"column":6},"end":{"line":41,"column":null}},"23":{"start":{"line":44,"column":4},"end":{"line":44,"column":null}},"24":{"start":{"line":44,"column":17},"end":{"line":44,"column":20}},"25":{"start":{"line":44,"column":37},"end":{"line":44,"column":null}},"26":{"start":{"line":47,"column":2},"end":{"line":47,"column":null}},"27":{"start":{"line":51,"column":2},"end":{"line":53,"column":null}},"28":{"start":{"line":52,"column":4},"end":{"line":52,"column":null}},"29":{"start":{"line":54,"column":20},"end":{"line":54,"column":null}},"30":{"start":{"line":55,"column":20},"end":{"line":55,"column":null}},"31":{"start":{"line":57,"column":2},"end":{"line":61,"column":null}}},"fnMap":{"0":{"name":"extractAndNormalizeSpatial","decl":{"start":{"line":10,"column":16},"end":{"line":10,"column":43}},"loc":{"start":{"line":10,"column":71},"end":{"line":48,"column":null}},"line":10},"1":{"name":"(anonymous_1)","decl":{"start":{"line":17,"column":16},"end":{"line":17,"column":25}},"loc":{"start":{"line":17,"column":33},"end":{"line":24,"column":5}},"line":17},"2":{"name":"(anonymous_2)","decl":{"start":{"line":31,"column":30},"end":{"line":31,"column":39}},"loc":{"start":{"line":31,"column":46},"end":{"line":33,"column":5}},"line":31},"3":{"name":"(anonymous_3)","decl":{"start":{"line":40,"column":31},"end":{"line":40,"column":40}},"loc":{"start":{"line":40,"column":47},"end":{"line":42,"column":5}},"line":40},"4":{"name":"getShoulderCenter","decl":{"start":{"line":50,"column":9},"end":{"line":50,"column":27}},"loc":{"start":{"line":50,"column":66},"end":{"line":62,"column":null}},"line":50}},"branchMap":{"0":{"loc":{"start":{"line":16,"column":2},"end":{"line":27,"column":null}},"type":"if","locations":[{"start":{"line":16,"column":2},"end":{"line":27,"column":null}},{"start":{"line":25,"column":9},"end":{"line":27,"column":null}}],"line":16},"1":{"loc":{"start":{"line":19,"column":6},"end":{"line":23,"column":null}},"type":"if","locations":[{"start":{"line":19,"column":6},"end":{"line":23,"column":null}},{"start":{"line":21,"column":13},"end":{"line":23,"column":null}}],"line":19},"2":{"loc":{"start":{"line":30,"column":2},"end":{"line":36,"column":null}},"type":"if","locations":[{"start":{"line":30,"column":2},"end":{"line":36,"column":null}},{"start":{"line":34,"column":9},"end":{"line":36,"column":null}}],"line":30},"3":{"loc":{"start":{"line":39,"column":2},"end":{"line":45,"column":null}},"type":"if","locations":[{"start":{"line":39,"column":2},"end":{"line":45,"column":null}},{"start":{"line":43,"column":9},"end":{"line":45,"column":null}}],"line":39},"4":{"loc":{"start":{"line":51,"column":2},"end":{"line":53,"column":null}},"type":"if","locations":[{"start":{"line":51,"column":2},"end":{"line":53,"column":null}},{"start":{},"end":{}}],"line":51},"5":{"loc":{"start":{"line":51,"column":6},"end":{"line":51,"column":66}},"type":"binary-expr","locations":[{"start":{"line":51,"column":6},"end":{"line":51,"column":24}},{"start":{"line":51,"column":24},"end":{"line":51,"column":46}},{"start":{"line":51,"column":46},"end":{"line":51,"column":66}}],"line":51}},"s":{"0":2,"1":2,"2":2,"3":2,"4":2,"5":2,"6":1,"7":11,"8":11,"9":11,"10":0,"11":1,"12":1,"13":33,"14":2,"15":0,"16":0,"17":2,"18":2,"19":126,"20":2,"21":0,"22":0,"23":2,"24":2,"25":126,"26":2,"27":2,"28":1,"29":1,"30":1,"31":1},"f":{"0":2,"1":11,"2":0,"3":0,"4":2},"b":{"0":[1,1],"1":[11,0],"2":[0,2],"3":[0,2],"4":[1,1],"5":[2,1,1]},"meta":{"lastBranch":6,"lastFunction":5,"lastStatement":32,"seen":{"s:3:35:3:Infinity":0,"s:4:34:4:Infinity":1,"f:10:16:10:43":0,"s:11:17:11:Infinity":2,"s:12:29:12:Infinity":3,"s:15:22:15:Infinity":4,"b:16:2:27:Infinity:25:9:27:Infinity":0,"s:16:2:27:Infinity":5,"s:17:4:24:Infinity":6,"f:17:16:17:25":1,"s:18:17:18:Infinity":7,"b:19:6:23:Infinity:21:13:23:Infinity":1,"s:19:6:23:Infinity":8,"s:20:8:20:Infinity":9,"s:22:8:22:Infinity":10,"s:26:4:26:Infinity":11,"s:26:17:26:20":12,"s:26:37:26:Infinity":13,"b:30:2:36:Infinity:34:9:36:Infinity":2,"s:30:2:36:Infinity":14,"s:31:4:33:Infinity":15,"f:31:30:31:39":2,"s:32:6:32:Infinity":16,"s:35:4:35:Infinity":17,"s:35:17:35:20":18,"s:35:37:35:Infinity":19,"b:39:2:45:Infinity:43:9:45:Infinity":3,"s:39:2:45:Infinity":20,"s:40:4:42:Infinity":21,"f:40:31:40:40":3,"s:41:6:41:Infinity":22,"s:44:4:44:Infinity":23,"s:44:17:44:20":24,"s:44:37:44:Infinity":25,"s:47:2:47:Infinity":26,"f:50:9:50:27":4,"b:51:2:53:Infinity:undefined:undefined:undefined:undefined":4,"s:51:2:53:Infinity":27,"b:51:6:51:24:51:24:51:46:51:46:51:66":5,"s:52:4:52:Infinity":28,"s:54:20:54:Infinity":29,"s:55:20:55:Infinity":30,"s:57:2:61:Infinity":31},"fnNames":{}}}
}
